{
  "uid" : "22b58138cd21417",
  "name" : "Delete existing label for authorized user",
  "fullName" : "Labels: Delete existing label for authorized user",
  "historyId" : "2c6293600b0540488b45a54267780550",
  "time" : {
    "start" : 1645020805585,
    "stop" : 1645020806588,
    "duration" : 1003
  },
  "status" : "failed",
  "statusMessage" : "AssertionError\n",
  "statusTrace" : "  File \"/opt/hostedtoolcache/Python/3.10.2/x64/lib/python3.10/site-packages/behave/model.py\", line 1329, in run\n    match.run(runner.context)\n  File \"/opt/hostedtoolcache/Python/3.10.2/x64/lib/python3.10/site-packages/behave/matchers.py\", line 98, in run\n    self.func(context, *args, **kwargs)\n  File \"features/steps/web_steps.py\", line 29, in delete_label_with_title\n    maybe_throw_assertion_exception(title)\n  File \"features/steps/web_steps.py\", line 85, in maybe_throw_assertion_exception\n    assert text == \"another text\"\n",
  "flaky" : true,
  "newFailed" : true,
  "beforeStages" : [ ],
  "testStage" : {
    "status" : "failed",
    "statusMessage" : "AssertionError\n",
    "statusTrace" : "  File \"/opt/hostedtoolcache/Python/3.10.2/x64/lib/python3.10/site-packages/behave/model.py\", line 1329, in run\n    match.run(runner.context)\n  File \"/opt/hostedtoolcache/Python/3.10.2/x64/lib/python3.10/site-packages/behave/matchers.py\", line 98, in run\n    self.func(context, *args, **kwargs)\n  File \"features/steps/web_steps.py\", line 29, in delete_label_with_title\n    maybe_throw_assertion_exception(title)\n  File \"features/steps/web_steps.py\", line 85, in maybe_throw_assertion_exception\n    assert text == \"another text\"\n",
    "steps" : [ {
      "name" : "When I open labels page",
      "time" : {
        "start" : 1645020805585,
        "stop" : 1645020805585,
        "duration" : 0
      },
      "status" : "passed",
      "steps" : [ ],
      "attachments" : [ ],
      "parameters" : [ ],
      "stepsCount" : 0,
      "attachmentsCount" : 0,
      "shouldDisplayMessage" : false,
      "hasContent" : false
    }, {
      "name" : "And I create label with title \"hello\"",
      "time" : {
        "start" : 1645020805585,
        "stop" : 1645020805585,
        "duration" : 0
      },
      "status" : "passed",
      "steps" : [ ],
      "attachments" : [ ],
      "parameters" : [ ],
      "stepsCount" : 0,
      "attachmentsCount" : 0,
      "shouldDisplayMessage" : false,
      "hasContent" : false
    }, {
      "name" : "And I delete label with title \"hello\"",
      "time" : {
        "start" : 1645020805585,
        "stop" : 1645020806587,
        "duration" : 1002
      },
      "status" : "failed",
      "statusMessage" : "AssertionError\n",
      "statusTrace" : "  File \"/opt/hostedtoolcache/Python/3.10.2/x64/lib/python3.10/site-packages/behave/model.py\", line 1329, in run\n    match.run(runner.context)\n  File \"/opt/hostedtoolcache/Python/3.10.2/x64/lib/python3.10/site-packages/behave/matchers.py\", line 98, in run\n    self.func(context, *args, **kwargs)\n  File \"features/steps/web_steps.py\", line 29, in delete_label_with_title\n    maybe_throw_assertion_exception(title)\n  File \"features/steps/web_steps.py\", line 85, in maybe_throw_assertion_exception\n    assert text == \"another text\"\n",
      "steps" : [ ],
      "attachments" : [ ],
      "parameters" : [ ],
      "stepsCount" : 0,
      "attachmentsCount" : 0,
      "shouldDisplayMessage" : true,
      "hasContent" : true
    }, {
      "name" : "Then I should not see note with content \"hello\"",
      "time" : {
        "start" : 1645020806588,
        "stop" : 1645020806588,
        "duration" : 0
      },
      "status" : "skipped",
      "steps" : [ ],
      "attachments" : [ ],
      "parameters" : [ ],
      "stepsCount" : 0,
      "attachmentsCount" : 0,
      "shouldDisplayMessage" : false,
      "hasContent" : false
    } ],
    "attachments" : [ ],
    "parameters" : [ ],
    "stepsCount" : 4,
    "attachmentsCount" : 0,
    "shouldDisplayMessage" : false,
    "hasContent" : true
  },
  "afterStages" : [ ],
  "labels" : [ {
    "name" : "severity",
    "value" : "normal"
  }, {
    "name" : "tag",
    "value" : "smoke"
  }, {
    "name" : "feature",
    "value" : "Labels"
  }, {
    "name" : "framework",
    "value" : "behave"
  }, {
    "name" : "language",
    "value" : "cpython3"
  }, {
    "name" : "resultFormat",
    "value" : "allure2"
  } ],
  "parameters" : [ ],
  "links" : [ ],
  "hidden" : false,
  "retry" : false,
  "extra" : {
    "severity" : "normal",
    "retries" : [ ],
    "categories" : [ {
      "name" : "Product defects",
      "matchedStatuses" : [ ],
      "flaky" : false
    } ],
    "history" : {
      "statistic" : {
        "failed" : 8,
        "broken" : 24,
        "skipped" : 0,
        "passed" : 7,
        "unknown" : 0,
        "total" : 39
      },
      "items" : [ {
        "uid" : "a5b3243c9183afd",
        "reportUrl" : "https://khadraa1.github.io/python_behave/50//#testresult/a5b3243c9183afd",
        "status" : "passed",
        "time" : {
          "start" : 1644851577174,
          "stop" : 1644851579178,
          "duration" : 2004
        }
      }, {
        "uid" : "dc6c9d0d1eb90a4c",
        "reportUrl" : "https://khadraa1.github.io/python_behave/49//#testresult/dc6c9d0d1eb90a4c",
        "status" : "failed",
        "statusDetails" : "AssertionError\n",
        "time" : {
          "start" : 1644851374686,
          "stop" : 1644851375689,
          "duration" : 1003
        }
      }, {
        "uid" : "894051d9055d52ab",
        "reportUrl" : "https://khadraa1.github.io/python_behave/48//#testresult/894051d9055d52ab",
        "status" : "passed",
        "time" : {
          "start" : 1644850326859,
          "stop" : 1644850328863,
          "duration" : 2004
        }
      }, {
        "uid" : "8d99b4db35ba5bbb",
        "reportUrl" : "https://khadraa1.github.io/python_behave/47//#testresult/8d99b4db35ba5bbb",
        "status" : "broken",
        "statusDetails" : "RuntimeError: Element not found for xpath [//div[@class='something']]\n",
        "time" : {
          "start" : 1644850222957,
          "stop" : 1644850222959,
          "duration" : 2
        }
      }, {
        "uid" : "21c3efa273aa1f12",
        "reportUrl" : "https://khadraa1.github.io/python_behave/46//#testresult/21c3efa273aa1f12",
        "status" : "broken",
        "statusDetails" : "RuntimeError: Element not found for xpath [//div[@class='something']]\n",
        "time" : {
          "start" : 1644339297493,
          "stop" : 1644339297494,
          "duration" : 1
        }
      }, {
        "uid" : "7c0765ea514859f4",
        "reportUrl" : "https://khadraa1.github.io/python_behave/44//#testresult/7c0765ea514859f4",
        "status" : "passed",
        "time" : {
          "start" : 1633006828919,
          "stop" : 1633006830924,
          "duration" : 2005
        }
      }, {
        "uid" : "1df18618f909815e",
        "reportUrl" : "https://khadraa1.github.io/python_behave/43//#testresult/1df18618f909815e",
        "status" : "failed",
        "statusDetails" : "AssertionError\n",
        "time" : {
          "start" : 1633006813271,
          "stop" : 1633006815277,
          "duration" : 2006
        }
      }, {
        "uid" : "94d9ef8a38caf087",
        "reportUrl" : "https://khadraa1.github.io/python_behave/42//#testresult/94d9ef8a38caf087",
        "status" : "broken",
        "statusDetails" : "RuntimeError: Element not found for xpath [//div[@class='something']]\n",
        "time" : {
          "start" : 1633005373331,
          "stop" : 1633005373332,
          "duration" : 1
        }
      }, {
        "uid" : "ed4c14d62d611e4d",
        "reportUrl" : "https://khadraa1.github.io/python_behave/41//#testresult/ed4c14d62d611e4d",
        "status" : "passed",
        "time" : {
          "start" : 1633004977912,
          "stop" : 1633004979916,
          "duration" : 2004
        }
      }, {
        "uid" : "b730b57bc1761896",
        "reportUrl" : "https://khadraa1.github.io/python_behave/40//#testresult/b730b57bc1761896",
        "status" : "broken",
        "statusDetails" : "RuntimeError: Element not found for xpath [//div[@class='something']]\n",
        "time" : {
          "start" : 1633004776031,
          "stop" : 1633004776033,
          "duration" : 2
        }
      }, {
        "uid" : "d71d61df1610ff0",
        "reportUrl" : "https://khadraa1.github.io/python_behave/39//#testresult/d71d61df1610ff0",
        "status" : "broken",
        "statusDetails" : "RuntimeError: Element not found for xpath [//div[@class='something']]\n",
        "time" : {
          "start" : 1633004333887,
          "stop" : 1633004333888,
          "duration" : 1
        }
      }, {
        "uid" : "6b6cc4bae0d95936",
        "reportUrl" : "https://khadraa1.github.io/python_behave/38//#testresult/6b6cc4bae0d95936",
        "status" : "broken",
        "statusDetails" : "RuntimeError: Element not found for xpath [//div[@class='something']]\n",
        "time" : {
          "start" : 1633004314280,
          "stop" : 1633004314281,
          "duration" : 1
        }
      }, {
        "uid" : "c890590c0396d72d",
        "reportUrl" : "https://khadraa1.github.io/python_behave/37//#testresult/c890590c0396d72d",
        "status" : "broken",
        "statusDetails" : "RuntimeError: Element not found for xpath [//div[@class='something']]\n",
        "time" : {
          "start" : 1633001389780,
          "stop" : 1633001389781,
          "duration" : 1
        }
      }, {
        "uid" : "17324011aab62f5",
        "reportUrl" : "https://khadraa1.github.io/python_behave/36//#testresult/17324011aab62f5",
        "status" : "broken",
        "statusDetails" : "RuntimeError: Element not found for xpath [//div[@class='something']]\n",
        "time" : {
          "start" : 1633001201446,
          "stop" : 1633001201447,
          "duration" : 1
        }
      }, {
        "uid" : "3ed87724063467e3",
        "reportUrl" : "https://khadraa1.github.io/python_behave/35//#testresult/3ed87724063467e3",
        "status" : "broken",
        "statusDetails" : "RuntimeError: Element not found for xpath [//div[@class='something']]\n",
        "time" : {
          "start" : 1633001047201,
          "stop" : 1633001047201,
          "duration" : 0
        }
      }, {
        "uid" : "d304c0657cfd7a16",
        "reportUrl" : "https://khadraa1.github.io/python_behave/34//#testresult/d304c0657cfd7a16",
        "status" : "failed",
        "statusDetails" : "AssertionError\n",
        "time" : {
          "start" : 1633000825206,
          "stop" : 1633000826210,
          "duration" : 1004
        }
      }, {
        "uid" : "f28a09a576e7da1a",
        "reportUrl" : "https://khadraa1.github.io/python_behave/33//#testresult/f28a09a576e7da1a",
        "status" : "failed",
        "statusDetails" : "AssertionError\n",
        "time" : {
          "start" : 1632995557784,
          "stop" : 1632995559789,
          "duration" : 2005
        }
      }, {
        "uid" : "ff6797340173f2b5",
        "reportUrl" : "https://khadraa1.github.io/python_behave/8//#testresult/ff6797340173f2b5",
        "status" : "broken",
        "statusDetails" : "RuntimeError: Element not found for xpath [//div[@class='something']]\n",
        "time" : {
          "start" : 1632995551753,
          "stop" : 1632995551754,
          "duration" : 1
        }
      }, {
        "uid" : "41b00fd670140681",
        "reportUrl" : "https://khadraa1.github.io/python_behave/7//#testresult/41b00fd670140681",
        "status" : "passed",
        "time" : {
          "start" : 1632995234536,
          "stop" : 1632995236539,
          "duration" : 2003
        }
      }, {
        "uid" : "323cb8f65196cc46",
        "reportUrl" : "https://khadraa1.github.io/python_behave/6//#testresult/323cb8f65196cc46",
        "status" : "broken",
        "statusDetails" : "RuntimeError: Element not found for xpath [//div[@class='something']]\n",
        "time" : {
          "start" : 1632995164944,
          "stop" : 1632995164945,
          "duration" : 1
        }
      } ]
    },
    "tags" : [ "smoke" ]
  },
  "source" : "22b58138cd21417.json",
  "parameterValues" : [ ]
}